<?xml version="1.0" encoding="UTF-8"?>
<testsuite xmlns:xsi="http://www.w3.org/2001/XMLSchema-instance" xsi:noNamespaceSchemaLocation="https://maven.apache.org/surefire/maven-surefire-plugin/xsd/surefire-test-report.xsd" name="TestSuite" time="23.144" tests="32" errors="0" skipped="0" failures="31">
  <properties>
[...]
</properties>
  <testcase name="testGetApproval on testGetApproval(com.NFT.modules.spring.EventTest)" classname="com.NFT.modules.spring.EventTest" time="0.014">
    <failure message="Failed to load ApplicationContext" type="java.lang.IllegalStateException">java.lang.IllegalStateException: Failed to load ApplicationContext
Caused by: java.lang.IllegalStateException: Could not initialize Logback logging from classpath:logback-spring.xml
Caused by: ch.qos.logback.core.joran.spi.JoranException: Problem parsing XML document. See previously reported errors.
Caused by: org.xml.sax.SAXParseException: 文档中根元素前面的标记必须格式正确。
</failure>
    <system-out><![CDATA[13:59:52.057 [main] DEBUG org.springframework.test.context.junit4.SpringJUnit4ClassRunner - SpringJUnit4ClassRunner constructor called with [class com.NFT.modules.spring.EventTest]
13:59:52.061 [main] DEBUG org.springframework.test.context.BootstrapUtils - Instantiating CacheAwareContextLoaderDelegate from class [org.springframework.test.context.cache.DefaultCacheAwareContextLoaderDelegate]
13:59:52.067 [main] DEBUG org.springframework.test.context.BootstrapUtils - Instantiating BootstrapContext using constructor [public org.springframework.test.context.support.DefaultBootstrapContext(java.lang.Class,org.springframework.test.context.CacheAwareContextLoaderDelegate)]
13:59:52.095 [main] DEBUG org.springframework.test.context.BootstrapUtils - Instantiating TestContextBootstrapper for test class [com.NFT.modules.spring.EventTest] from class [org.springframework.boot.test.context.SpringBootTestContextBootstrapper]
13:59:52.113 [main] INFO org.springframework.boot.test.context.SpringBootTestContextBootstrapper - Neither @ContextConfiguration nor @ContextHierarchy found for test class [com.NFT.modules.spring.EventTest], using SpringBootContextLoader
13:59:52.118 [main] DEBUG org.springframework.test.context.support.AbstractContextLoader - Did not detect default resource location for test class [com.NFT.modules.spring.EventTest]: class path resource [com/NFT/modules/spring/EventTest-context.xml] does not exist
13:59:52.118 [main] DEBUG org.springframework.test.context.support.AbstractContextLoader - Did not detect default resource location for test class [com.NFT.modules.spring.EventTest]: class path resource [com/NFT/modules/spring/EventTestContext.groovy] does not exist
13:59:52.119 [main] INFO org.springframework.test.context.support.AbstractContextLoader - Could not detect default resource locations for test class [com.NFT.modules.spring.EventTest]: no resource found for suffixes {-context.xml, Context.groovy}.
13:59:52.120 [main] INFO org.springframework.test.context.support.AnnotationConfigContextLoaderUtils - Could not detect default configuration classes for test class [com.NFT.modules.spring.EventTest]: EventTest does not declare any static, non-private, non-final, nested classes annotated with @Configuration.
13:59:52.162 [main] DEBUG org.springframework.test.context.support.ActiveProfilesUtils - Could not find an 'annotation declaring class' for annotation type [org.springframework.test.context.ActiveProfiles] and class [com.NFT.modules.spring.EventTest]
13:59:52.233 [main] DEBUG org.springframework.context.annotation.ClassPathScanningCandidateComponentProvider - Identified candidate component class: file [/Users/mac/Downloads/ethereum-web3j-2/target/classes/com/NFT/modules/spring/App.class]
13:59:52.235 [main] INFO org.springframework.boot.test.context.SpringBootTestContextBootstrapper - Found @SpringBootConfiguration com.NFT.modules.spring.App for test class com.NFT.modules.spring.EventTest
13:59:52.334 [main] DEBUG org.springframework.boot.test.context.SpringBootTestContextBootstrapper - @TestExecutionListeners is not present for class [com.NFT.modules.spring.EventTest]: using defaults.
13:59:52.335 [main] INFO org.springframework.boot.test.context.SpringBootTestContextBootstrapper - Loaded default TestExecutionListener class names from location [META-INF/spring.factories]: [org.springframework.boot.test.mock.mockito.MockitoTestExecutionListener, org.springframework.boot.test.mock.mockito.ResetMocksTestExecutionListener, org.springframework.boot.test.autoconfigure.restdocs.RestDocsTestExecutionListener, org.springframework.boot.test.autoconfigure.web.client.MockRestServiceServerResetTestExecutionListener, org.springframework.boot.test.autoconfigure.web.servlet.MockMvcPrintOnlyOnFailureTestExecutionListener, org.springframework.boot.test.autoconfigure.web.servlet.WebDriverTestExecutionListener, org.springframework.test.context.web.ServletTestExecutionListener, org.springframework.test.context.support.DirtiesContextBeforeModesTestExecutionListener, org.springframework.test.context.support.DependencyInjectionTestExecutionListener, org.springframework.test.context.support.DirtiesContextTestExecutionListener, org.springframework.test.context.transaction.TransactionalTestExecutionListener, org.springframework.test.context.jdbc.SqlScriptsTestExecutionListener, org.springframework.test.context.event.EventPublishingTestExecutionListener]
13:59:52.355 [main] INFO org.springframework.boot.test.context.SpringBootTestContextBootstrapper - Using TestExecutionListeners: [org.springframework.test.context.web.ServletTestExecutionListener@5b408dc3, org.springframework.test.context.support.DirtiesContextBeforeModesTestExecutionListener@4d098f9b, org.springframework.boot.test.mock.mockito.MockitoTestExecutionListener@2dbf4cbd, org.springframework.boot.test.autoconfigure.SpringBootDependencyInjectionTestExecutionListener@20b5f2ac, org.springframework.test.context.support.DirtiesContextTestExecutionListener@7fc44dec, org.springframework.test.context.transaction.TransactionalTestExecutionListener@7e3060d8, org.springframework.test.context.jdbc.SqlScriptsTestExecutionListener@293d0107, org.springframework.test.context.event.EventPublishingTestExecutionListener@2692b61e, org.springframework.boot.test.mock.mockito.ResetMocksTestExecutionListener@7b64240d, org.springframework.boot.test.autoconfigure.restdocs.RestDocsTestExecutionListener@62fad19, org.springframework.boot.test.autoconfigure.web.client.MockRestServiceServerResetTestExecutionListener@47dbb1e2, org.springframework.boot.test.autoconfigure.web.servlet.MockMvcPrintOnlyOnFailureTestExecutionListener@74cadd41, org.springframework.boot.test.autoconfigure.web.servlet.WebDriverTestExecutionListener@2e54db99]
13:59:52.358 [main] DEBUG org.springframework.test.annotation.ProfileValueUtils - Retrieved @ProfileValueSourceConfiguration [null] for test class [com.NFT.modules.spring.EventTest]
13:59:52.359 [main] DEBUG org.springframework.test.annotation.ProfileValueUtils - Retrieved ProfileValueSource type [class org.springframework.test.annotation.SystemProfileValueSource] for class [com.NFT.modules.spring.EventTest]
13:59:52.361 [main] DEBUG org.springframework.test.annotation.ProfileValueUtils - Retrieved @ProfileValueSourceConfiguration [null] for test class [com.NFT.modules.spring.EventTest]
13:59:52.361 [main] DEBUG org.springframework.test.annotation.ProfileValueUtils - Retrieved ProfileValueSource type [class org.springframework.test.annotation.SystemProfileValueSource] for class [com.NFT.modules.spring.EventTest]
13:59:52.381 [main] DEBUG org.springframework.test.annotation.ProfileValueUtils - Retrieved @ProfileValueSourceConfiguration [null] for test class [com.NFT.modules.spring.EventTest]
13:59:52.381 [main] DEBUG org.springframework.test.annotation.ProfileValueUtils - Retrieved ProfileValueSource type [class org.springframework.test.annotation.SystemProfileValueSource] for class [com.NFT.modules.spring.EventTest]
13:59:52.382 [main] DEBUG org.springframework.test.annotation.ProfileValueUtils - Retrieved @ProfileValueSourceConfiguration [null] for test class [com.NFT.modules.spring.EventTest]
13:59:52.382 [main] DEBUG org.springframework.test.annotation.ProfileValueUtils - Retrieved ProfileValueSource type [class org.springframework.test.annotation.SystemProfileValueSource] for class [com.NFT.modules.spring.EventTest]
13:59:52.383 [main] DEBUG org.springframework.test.annotation.ProfileValueUtils - Retrieved @ProfileValueSourceConfiguration [null] for test class [com.NFT.modules.spring.EventTest]
13:59:52.383 [main] DEBUG org.springframework.test.annotation.ProfileValueUtils - Retrieved ProfileValueSource type [class org.springframework.test.annotation.SystemProfileValueSource] for class [com.NFT.modules.spring.EventTest]
13:59:52.388 [main] DEBUG org.springframework.test.context.support.AbstractDirtiesContextTestExecutionListener - Before test class: context [DefaultTestContext@7c7d3c46 testClass = EventTest, testInstance = [null], testMethod = [null], testException = [null], mergedContextConfiguration = [WebMergedContextConfiguration@24fb6a80 testClass = EventTest, locations = '{}', classes = '{class com.NFT.modules.spring.App}', contextInitializerClasses = '[]', activeProfiles = '{}', propertySourceLocations = '{}', propertySourceProperties = '{org.springframework.boot.test.context.SpringBootTestContextBootstrapper=true}', contextCustomizers = set[org.springframework.boot.test.context.filter.ExcludeFilterContextCustomizer@4c1f22f3, org.springframework.boot.test.json.DuplicateJsonObjectContextCustomizerFactory$DuplicateJsonObjectContextCustomizer@7ae42ce3, org.springframework.boot.test.mock.mockito.MockitoContextCustomizer@0, org.springframework.boot.test.web.client.TestRestTemplateContextCustomizer@ab7395e, org.springframework.boot.test.autoconfigure.properties.PropertyMappingContextCustomizer@0, org.springframework.boot.test.autoconfigure.web.servlet.WebDriverContextCustomizerFactory$Customizer@19e4fcac], resourceBasePath = 'src/main/webapp', contextLoader = 'org.springframework.boot.test.context.SpringBootContextLoader', parent = [null]], attributes = map['org.springframework.test.context.web.ServletTestExecutionListener.activateListener' -> true]], class annotated with @DirtiesContext [false] with mode [null].
13:59:52.390 [main] DEBUG org.springframework.test.annotation.ProfileValueUtils - Retrieved @ProfileValueSourceConfiguration [null] for test class [com.NFT.modules.spring.EventTest]
13:59:52.390 [main] DEBUG org.springframework.test.annotation.ProfileValueUtils - Retrieved ProfileValueSource type [class org.springframework.test.annotation.SystemProfileValueSource] for class [com.NFT.modules.spring.EventTest]
13:59:52.412 [main] DEBUG org.springframework.test.context.support.TestPropertySourceUtils - Adding inlined properties to environment: {spring.jmx.enabled=false, org.springframework.boot.test.context.SpringBootTestContextBootstrapper=true, server.port=-1}
]]></system-out>
  </testcase>
  <testcase name="testGetTokenId on testGetTokenId(com.NFT.modules.spring.EventTest)" classname="com.NFT.modules.spring.EventTest" time="0">
    <failure message="Failed to load ApplicationContext" type="java.lang.IllegalStateException">java.lang.IllegalStateException: Failed to load ApplicationContext
Caused by: java.lang.IllegalStateException: Could not initialize Logback logging from classpath:logback-spring.xml
Caused by: ch.qos.logback.core.joran.spi.JoranException: Problem parsing XML document. See previously reported errors.
Caused by: org.xml.sax.SAXParseException: 文档中根元素前面的标记必须格式正确。
</failure>
  </testcase>
  <testcase name="testEtheGetlogs on testEtheGetlogs(com.NFT.modules.spring.EventTest)" classname="com.NFT.modules.spring.EventTest" time="0">
    <failure message="Failed to load ApplicationContext" type="java.lang.IllegalStateException">java.lang.IllegalStateException: Failed to load ApplicationContext
Caused by: java.lang.IllegalStateException: Could not initialize Logback logging from classpath:logback-spring.xml
Caused by: ch.qos.logback.core.joran.spi.JoranException: Problem parsing XML document. See previously reported errors.
Caused by: org.xml.sax.SAXParseException: 文档中根元素前面的标记必须格式正确。
</failure>
  </testcase>
  <testcase name="TestTransactionReceipt on TestTransactionReceipt(com.NFT.modules.spring.EventTest)" classname="com.NFT.modules.spring.EventTest" time="0.001">
    <failure message="Failed to load ApplicationContext" type="java.lang.IllegalStateException">java.lang.IllegalStateException: Failed to load ApplicationContext
Caused by: java.lang.IllegalStateException: Could not initialize Logback logging from classpath:logback-spring.xml
Caused by: ch.qos.logback.core.joran.spi.JoranException: Problem parsing XML document. See previously reported errors.
Caused by: org.xml.sax.SAXParseException: 文档中根元素前面的标记必须格式正确。
</failure>
  </testcase>
  <testcase name="getTransactionReceipt on getTransactionReceipt(com.NFT.modules.spring.EventTest)" classname="com.NFT.modules.spring.EventTest" time="0.001">
    <failure message="Failed to load ApplicationContext" type="java.lang.IllegalStateException">java.lang.IllegalStateException: Failed to load ApplicationContext
Caused by: java.lang.IllegalStateException: Could not initialize Logback logging from classpath:logback-spring.xml
Caused by: ch.qos.logback.core.joran.spi.JoranException: Problem parsing XML document. See previously reported errors.
Caused by: org.xml.sax.SAXParseException: 文档中根元素前面的标记必须格式正确。
</failure>
  </testcase>
  <testcase name="testQueryTotalNFT on testQueryTotalNFT(com.NFT.modules.spring.QueryTest)" classname="com.NFT.modules.spring.QueryTest" time="0">
    <failure message="Failed to load ApplicationContext" type="java.lang.IllegalStateException">java.lang.IllegalStateException: Failed to load ApplicationContext
Caused by: java.lang.IllegalStateException: Could not initialize Logback logging from classpath:logback-spring.xml
Caused by: ch.qos.logback.core.joran.spi.JoranException: Problem parsing XML document. See previously reported errors.
Caused by: org.xml.sax.SAXParseException: 文档中根元素前面的标记必须格式正确。
</failure>
  </testcase>
  <testcase name="testGetInitailSupply on testGetInitailSupply(com.NFT.modules.spring.QueryTest)" classname="com.NFT.modules.spring.QueryTest" time="0">
    <failure message="Failed to load ApplicationContext" type="java.lang.IllegalStateException">java.lang.IllegalStateException: Failed to load ApplicationContext
Caused by: java.lang.IllegalStateException: Could not initialize Logback logging from classpath:logback-spring.xml
Caused by: ch.qos.logback.core.joran.spi.JoranException: Problem parsing XML document. See previously reported errors.
Caused by: org.xml.sax.SAXParseException: 文档中根元素前面的标记必须格式正确。
</failure>
  </testcase>
  <testcase name="testGetAllowance on testGetAllowance(com.NFT.modules.spring.QueryTest)" classname="com.NFT.modules.spring.QueryTest" time="0">
    <failure message="Failed to load ApplicationContext" type="java.lang.IllegalStateException">java.lang.IllegalStateException: Failed to load ApplicationContext
Caused by: java.lang.IllegalStateException: Could not initialize Logback logging from classpath:logback-spring.xml
Caused by: ch.qos.logback.core.joran.spi.JoranException: Problem parsing XML document. See previously reported errors.
Caused by: org.xml.sax.SAXParseException: 文档中根元素前面的标记必须格式正确。
</failure>
  </testcase>
  <testcase name="testGetPersonalBalance on testGetPersonalBalance(com.NFT.modules.spring.QueryTest)" classname="com.NFT.modules.spring.QueryTest" time="0.001">
    <failure message="Failed to load ApplicationContext" type="java.lang.IllegalStateException">java.lang.IllegalStateException: Failed to load ApplicationContext
Caused by: java.lang.IllegalStateException: Could not initialize Logback logging from classpath:logback-spring.xml
Caused by: ch.qos.logback.core.joran.spi.JoranException: Problem parsing XML document. See previously reported errors.
Caused by: org.xml.sax.SAXParseException: 文档中根元素前面的标记必须格式正确。
</failure>
  </testcase>
  <testcase name="TestJSONPRC on TestJSONPRC(com.NFT.modules.spring.JSONRPCTest)" classname="com.NFT.modules.spring.JSONRPCTest" time="0">
    <failure message="Failed to load ApplicationContext" type="java.lang.IllegalStateException">java.lang.IllegalStateException: Failed to load ApplicationContext
Caused by: java.lang.IllegalStateException: Could not initialize Logback logging from classpath:logback-spring.xml
Caused by: ch.qos.logback.core.joran.spi.JoranException: Problem parsing XML document. See previously reported errors.
Caused by: org.xml.sax.SAXParseException: 文档中根元素前面的标记必须格式正确。
</failure>
  </testcase>
  <testcase name="TestTransfer on TestTransfer(com.NFT.modules.spring.ERC20TransactionTest)" classname="com.NFT.modules.spring.ERC20TransactionTest" time="0">
    <failure message="Failed to load ApplicationContext" type="java.lang.IllegalStateException">java.lang.IllegalStateException: Failed to load ApplicationContext
Caused by: java.lang.IllegalStateException: Could not initialize Logback logging from classpath:logback-spring.xml
Caused by: ch.qos.logback.core.joran.spi.JoranException: Problem parsing XML document. See previously reported errors.
Caused by: org.xml.sax.SAXParseException: 文档中根元素前面的标记必须格式正确。
</failure>
  </testcase>
  <testcase name="TestTransferFrom on TestTransferFrom(com.NFT.modules.spring.ERC20TransactionTest)" classname="com.NFT.modules.spring.ERC20TransactionTest" time="0">
    <failure message="Failed to load ApplicationContext" type="java.lang.IllegalStateException">java.lang.IllegalStateException: Failed to load ApplicationContext
Caused by: java.lang.IllegalStateException: Could not initialize Logback logging from classpath:logback-spring.xml
Caused by: ch.qos.logback.core.joran.spi.JoranException: Problem parsing XML document. See previously reported errors.
Caused by: org.xml.sax.SAXParseException: 文档中根元素前面的标记必须格式正确。
</failure>
  </testcase>
  <testcase name="TestApproval on TestApproval(com.NFT.modules.spring.ERC20TransactionTest)" classname="com.NFT.modules.spring.ERC20TransactionTest" time="0">
    <failure message="Failed to load ApplicationContext" type="java.lang.IllegalStateException">java.lang.IllegalStateException: Failed to load ApplicationContext
Caused by: java.lang.IllegalStateException: Could not initialize Logback logging from classpath:logback-spring.xml
Caused by: ch.qos.logback.core.joran.spi.JoranException: Problem parsing XML document. See previously reported errors.
Caused by: org.xml.sax.SAXParseException: 文档中根元素前面的标记必须格式正确。
</failure>
  </testcase>
  <testcase name="TestERC20contractService on TestERC20contractService(com.NFT.modules.spring.TokenTransactionTest)" classname="com.NFT.modules.spring.TokenTransactionTest" time="0">
    <failure message="Failed to load ApplicationContext" type="java.lang.IllegalStateException">java.lang.IllegalStateException: Failed to load ApplicationContext
Caused by: java.lang.IllegalStateException: Could not initialize Logback logging from classpath:logback-spring.xml
Caused by: ch.qos.logback.core.joran.spi.JoranException: Problem parsing XML document. See previously reported errors.
Caused by: org.xml.sax.SAXParseException: 文档中根元素前面的标记必须格式正确。
</failure>
  </testcase>
  <testcase name="TestGetTransactionReceipt on TestGetTransactionReceipt(com.NFT.modules.spring.TokenTransactionTest)" classname="com.NFT.modules.spring.TokenTransactionTest" time="0">
    <failure message="Failed to load ApplicationContext" type="java.lang.IllegalStateException">java.lang.IllegalStateException: Failed to load ApplicationContext
Caused by: java.lang.IllegalStateException: Could not initialize Logback logging from classpath:logback-spring.xml
Caused by: ch.qos.logback.core.joran.spi.JoranException: Problem parsing XML document. See previously reported errors.
Caused by: org.xml.sax.SAXParseException: 文档中根元素前面的标记必须格式正确。
</failure>
  </testcase>
  <testcase name="TestMintTokenService on TestMintTokenService(com.NFT.modules.spring.TokenTransactionTest)" classname="com.NFT.modules.spring.TokenTransactionTest" time="0">
    <failure message="Failed to load ApplicationContext" type="java.lang.IllegalStateException">java.lang.IllegalStateException: Failed to load ApplicationContext
Caused by: java.lang.IllegalStateException: Could not initialize Logback logging from classpath:logback-spring.xml
Caused by: ch.qos.logback.core.joran.spi.JoranException: Problem parsing XML document. See previously reported errors.
Caused by: org.xml.sax.SAXParseException: 文档中根元素前面的标记必须格式正确。
</failure>
  </testcase>
  <testcase name="TestAsyncGetTransactionReceipt on TestAsyncGetTransactionReceipt(com.NFT.modules.spring.TokenTransactionTest)" classname="com.NFT.modules.spring.TokenTransactionTest" time="0.001">
    <failure message="Failed to load ApplicationContext" type="java.lang.IllegalStateException">java.lang.IllegalStateException: Failed to load ApplicationContext
Caused by: java.lang.IllegalStateException: Could not initialize Logback logging from classpath:logback-spring.xml
Caused by: ch.qos.logback.core.joran.spi.JoranException: Problem parsing XML document. See previously reported errors.
Caused by: org.xml.sax.SAXParseException: 文档中根元素前面的标记必须格式正确。
</failure>
  </testcase>
  <testcase name="TestGetBlockNumber on TestGetBlockNumber(com.NFT.modules.spring.TokenTransactionTest)" classname="com.NFT.modules.spring.TokenTransactionTest" time="0">
    <failure message="Failed to load ApplicationContext" type="java.lang.IllegalStateException">java.lang.IllegalStateException: Failed to load ApplicationContext
Caused by: java.lang.IllegalStateException: Could not initialize Logback logging from classpath:logback-spring.xml
Caused by: ch.qos.logback.core.joran.spi.JoranException: Problem parsing XML document. See previously reported errors.
Caused by: org.xml.sax.SAXParseException: 文档中根元素前面的标记必须格式正确。
</failure>
  </testcase>
  <testcase name="TestGetBlockTime on TestGetBlockTime(com.NFT.modules.spring.TokenTransactionTest)" classname="com.NFT.modules.spring.TokenTransactionTest" time="0">
    <failure message="Failed to load ApplicationContext" type="java.lang.IllegalStateException">java.lang.IllegalStateException: Failed to load ApplicationContext
Caused by: java.lang.IllegalStateException: Could not initialize Logback logging from classpath:logback-spring.xml
Caused by: ch.qos.logback.core.joran.spi.JoranException: Problem parsing XML document. See previously reported errors.
Caused by: org.xml.sax.SAXParseException: 文档中根元素前面的标记必须格式正确。
</failure>
  </testcase>
  <testcase name="TestConvertData on TestConvertData(com.NFT.modules.spring.TokenTransactionTest)" classname="com.NFT.modules.spring.TokenTransactionTest" time="0.001">
    <failure message="Failed to load ApplicationContext" type="java.lang.IllegalStateException">java.lang.IllegalStateException: Failed to load ApplicationContext
Caused by: java.lang.IllegalStateException: Could not initialize Logback logging from classpath:logback-spring.xml
Caused by: ch.qos.logback.core.joran.spi.JoranException: Problem parsing XML document. See previously reported errors.
Caused by: org.xml.sax.SAXParseException: 文档中根元素前面的标记必须格式正确。
</failure>
  </testcase>
  <testcase name="TestTokenApproval on TestTokenApproval(com.NFT.modules.spring.TokenTransactionTest)" classname="com.NFT.modules.spring.TokenTransactionTest" time="0">
    <failure message="Failed to load ApplicationContext" type="java.lang.IllegalStateException">java.lang.IllegalStateException: Failed to load ApplicationContext
Caused by: java.lang.IllegalStateException: Could not initialize Logback logging from classpath:logback-spring.xml
Caused by: ch.qos.logback.core.joran.spi.JoranException: Problem parsing XML document. See previously reported errors.
Caused by: org.xml.sax.SAXParseException: 文档中根元素前面的标记必须格式正确。
</failure>
  </testcase>
  <testcase name="TestERC721contractService on TestERC721contractService(com.NFT.modules.spring.TokenTransactionTest)" classname="com.NFT.modules.spring.TokenTransactionTest" time="0">
    <failure message="Failed to load ApplicationContext" type="java.lang.IllegalStateException">java.lang.IllegalStateException: Failed to load ApplicationContext
Caused by: java.lang.IllegalStateException: Could not initialize Logback logging from classpath:logback-spring.xml
Caused by: ch.qos.logback.core.joran.spi.JoranException: Problem parsing XML document. See previously reported errors.
Caused by: org.xml.sax.SAXParseException: 文档中根元素前面的标记必须格式正确。
</failure>
  </testcase>
  <testcase name="testGetNumberOFNFTS on testGetNumberOFNFTS(com.NFT.modules.spring.AccountTest)" classname="com.NFT.modules.spring.AccountTest" time="0.001">
    <failure message="Failed to load ApplicationContext" type="java.lang.IllegalStateException">java.lang.IllegalStateException: Failed to load ApplicationContext
Caused by: java.lang.IllegalStateException: Could not initialize Logback logging from classpath:logback-spring.xml
Caused by: ch.qos.logback.core.joran.spi.JoranException: Problem parsing XML document. See previously reported errors.
Caused by: org.xml.sax.SAXParseException: 文档中根元素前面的标记必须格式正确。
</failure>
  </testcase>
  <testcase name="getReturnValues on getReturnValues(com.NFT.modules.spring.AccountTest)" classname="com.NFT.modules.spring.AccountTest" time="0">
    <failure message="Failed to load ApplicationContext" type="java.lang.IllegalStateException">java.lang.IllegalStateException: Failed to load ApplicationContext
Caused by: java.lang.IllegalStateException: Could not initialize Logback logging from classpath:logback-spring.xml
Caused by: ch.qos.logback.core.joran.spi.JoranException: Problem parsing XML document. See previously reported errors.
Caused by: org.xml.sax.SAXParseException: 文档中根元素前面的标记必须格式正确。
</failure>
  </testcase>
  <testcase name="testGetBalance on testGetBalance(com.NFT.modules.spring.AccountTest)" classname="com.NFT.modules.spring.AccountTest" time="0">
    <failure message="Failed to load ApplicationContext" type="java.lang.IllegalStateException">java.lang.IllegalStateException: Failed to load ApplicationContext
Caused by: java.lang.IllegalStateException: Could not initialize Logback logging from classpath:logback-spring.xml
Caused by: ch.qos.logback.core.joran.spi.JoranException: Problem parsing XML document. See previously reported errors.
Caused by: org.xml.sax.SAXParseException: 文档中根元素前面的标记必须格式正确。
</failure>
  </testcase>
  <testcase name="testGetKey on testGetKey(com.NFT.modules.spring.AccountTest)" classname="com.NFT.modules.spring.AccountTest" time="0.001">
    <failure message="Failed to load ApplicationContext" type="java.lang.IllegalStateException">java.lang.IllegalStateException: Failed to load ApplicationContext
Caused by: java.lang.IllegalStateException: Could not initialize Logback logging from classpath:logback-spring.xml
Caused by: ch.qos.logback.core.joran.spi.JoranException: Problem parsing XML document. See previously reported errors.
Caused by: org.xml.sax.SAXParseException: 文档中根元素前面的标记必须格式正确。
</failure>
  </testcase>
  <testcase name="testUnlockAccount on testUnlockAccount(com.NFT.modules.spring.AccountTest)" classname="com.NFT.modules.spring.AccountTest" time="0">
    <failure message="Failed to load ApplicationContext" type="java.lang.IllegalStateException">java.lang.IllegalStateException: Failed to load ApplicationContext
Caused by: java.lang.IllegalStateException: Could not initialize Logback logging from classpath:logback-spring.xml
Caused by: ch.qos.logback.core.joran.spi.JoranException: Problem parsing XML document. See previously reported errors.
Caused by: org.xml.sax.SAXParseException: 文档中根元素前面的标记必须格式正确。
</failure>
  </testcase>
  <testcase name="testGetFilterChanges on testGetFilterChanges(com.NFT.modules.spring.GetTokenTest)" classname="com.NFT.modules.spring.GetTokenTest" time="20.682"/>
  <testcase name="testEthGetLogs on testEthGetLogs(com.NFT.modules.spring.GetTokenTest)" classname="com.NFT.modules.spring.GetTokenTest" time="0.001">
    <failure message="For input string: &quot;t&quot;" type="java.lang.NumberFormatException">java.lang.NumberFormatException: For input string: "t"
	at com.NFT.modules.spring.GetTokenTest.testEthGetLogs(GetTokenTest.java:88)
</failure>
  </testcase>
  <testcase name="testSelectList on testSelectList(com.NFT.modules.spring.MapperTest)" classname="com.NFT.modules.spring.MapperTest" time="0">
    <failure message="Failed to load ApplicationContext" type="java.lang.IllegalStateException">java.lang.IllegalStateException: Failed to load ApplicationContext
Caused by: java.lang.IllegalStateException: Could not initialize Logback logging from classpath:logback-spring.xml
Caused by: ch.qos.logback.core.joran.spi.JoranException: Problem parsing XML document. See previously reported errors.
Caused by: org.xml.sax.SAXParseException: 文档中根元素前面的标记必须格式正确。
</failure>
  </testcase>
  <testcase name="stopMiningTest on stopMiningTest(com.NFT.modules.spring.isMiningTest)" classname="com.NFT.modules.spring.isMiningTest" time="0">
    <failure message="Failed to load ApplicationContext" type="java.lang.IllegalStateException">java.lang.IllegalStateException: Failed to load ApplicationContext
Caused by: java.lang.IllegalStateException: Could not initialize Logback logging from classpath:logback-spring.xml
Caused by: ch.qos.logback.core.joran.spi.JoranException: Problem parsing XML document. See previously reported errors.
Caused by: org.xml.sax.SAXParseException: 文档中根元素前面的标记必须格式正确。
</failure>
  </testcase>
  <testcase name="isMiningTest on isMiningTest(com.NFT.modules.spring.isMiningTest)" classname="com.NFT.modules.spring.isMiningTest" time="0">
    <failure message="Failed to load ApplicationContext" type="java.lang.IllegalStateException">java.lang.IllegalStateException: Failed to load ApplicationContext
Caused by: java.lang.IllegalStateException: Could not initialize Logback logging from classpath:logback-spring.xml
Caused by: ch.qos.logback.core.joran.spi.JoranException: Problem parsing XML document. See previously reported errors.
Caused by: org.xml.sax.SAXParseException: 文档中根元素前面的标记必须格式正确。
</failure>
  </testcase>
</testsuite>